
> build
> next build

▲ Next.js 16.1.6 (Turbopack, Cache Components)
- Environments: .env.local

  Creating an optimized production build ...
✓ Compiled successfully in 3.6s
  Running TypeScript ...
  Collecting page data using 15 workers ...
  Generating static pages using 15 workers (0/16) ...
  Generating static pages using 15 workers (4/16) 
  Generating static pages using 15 workers (8/16) 
  Generating static pages using 15 workers (12/16) 
✓ Generating static pages using 15 workers (16/16) in 682.3ms
  Finalizing page optimization ...

Route (app)
┌ ◐ /
├ ○ /_not-found
├ ƒ /auth/confirm
├ ◐ /auth/error
├ ○ /auth/forgot-password
├ ○ /auth/login
├ ○ /auth/sign-up
├ ○ /auth/sign-up-success
├ ○ /auth/update-password
├ ○ /chat
├ ○ /opengraph-image.png
├ ○ /profile
├ ◐ /protected
└ ○ /twitter-image.png


ƒ Proxy (Middleware)

○  (Static)             prerendered as static content
◐  (Partial Prerender)  prerendered as static HTML with dynamic server-streamed content
ƒ  (Dynamic)            server-rendered on demand

